Current Time: Mon, Feb  2, 2026 12:26:28 PM
🔍 [MONITOR] Scanning Execution Performance...
   > Latency: 46ms (Target: <45ms)
   > PnL/Trade: 947{CURRENT_PNL} (Target: >947{TARGET_PNL})
⚠️ [ANALYZE] GAP DETECTED: PnL Below Target
🔧 [AUTO-FIX] Triggering Optimization Protocol...
   > Re-calibrating slippage...
   > Adjusting gas strategy...
✅ [AUTO-FIX] Optimization Applied. System Healing...
---------------------------------------------------
🔍 [MONITOR] Scanning Execution Performance...
   > Latency: 43ms (Target: <45ms)
   > PnL/Trade: 947{CURRENT_PNL} (Target: >947{TARGET_PNL})
⚠️ [ANALYZE] GAP DETECTED: PnL Below Target
🔧 [AUTO-FIX] Triggering Optimization Protocol...
   > Re-calibrating slippage...
   > Adjusting gas strategy...
✅ [AUTO-FIX] Optimization Applied. System Healing...
---------------------------------------------------
🔍 [MONITOR] Scanning Execution Performance...
   > Latency: 43ms (Target: <45ms)
   > PnL/Trade: 947{CURRENT_PNL} (Target: >947{TARGET_PNL})
⚠️ [ANALYZE] GAP DETECTED: PnL Below Target
🔧 [AUTO-FIX] Triggering Optimization Protocol...
   > Re-calibrating slippage...
   > Adjusting gas strategy...
✅ [AUTO-FIX] Optimization Applied. System Healing...
---------------------------------------------------
🔍 [MONITOR] Scanning Execution Performance...
   > Latency: 43ms (Target: <45ms)
   > PnL/Trade: 947{CURRENT_PNL} (Target: >947{TARGET_PNL})
⚠️ [ANALYZE] GAP DETECTED: PnL Below Target
🔧 [AUTO-FIX] Triggering Optimization Protocol...
   > Re-calibrating slippage...
   > Adjusting gas strategy...
✅ [AUTO-FIX] Optimization Applied. System Healing...
---------------------------------------------------
🔍 [MONITOR] Scanning Execution Performance...
   > Latency: 46ms (Target: <45ms)
   > PnL/Trade: 947{CURRENT_PNL} (Target: >947{TARGET_PNL})
⚠️ [ANALYZE] GAP DETECTED: PnL Below Target
🔧 [AUTO-FIX] Triggering Optimization Protocol...
   > Re-calibrating slippage...
   > Adjusting gas strategy...
✅ [AUTO-FIX] Optimization Applied. System Healing...
---------------------------------------------------
🔍 [MONITOR] Scanning Execution Performance...
   > Latency: 45ms (Target: <45ms)
   > PnL/Trade: 947{CURRENT_PNL} (Target: >947{TARGET_PNL})
⚠️ [ANALYZE] GAP DETECTED: PnL Below Target
🔧 [AUTO-FIX] Triggering Optimization Protocol...
   > Re-calibrating slippage...
   > Adjusting gas strategy...
✅ [AUTO-FIX] Optimization Applied. System Healing...
---------------------------------------------------
🔍 [MONITOR] Scanning Execution Performance...
   > Latency: 44ms (Target: <45ms)
   > PnL/Trade: 947{CURRENT_PNL} (Target: >947{TARGET_PNL})
⚠️ [ANALYZE] GAP DETECTED: PnL Below Target
🔧 [AUTO-FIX] Triggering Optimization Protocol...
   > Re-calibrating slippage...
   > Adjusting gas strategy...
✅ [AUTO-FIX] Optimization Applied. System Healing...
---------------------------------------------------
🔍 [MONITOR] Scanning Execution Performance...
   > Latency: 46ms (Target: <45ms)
   > PnL/Trade: 947{CURRENT_PNL} (Target: >947{TARGET_PNL})
⚠️ [ANALYZE] GAP DETECTED: PnL Below Target
🔧 [AUTO-FIX] Triggering Optimization Protocol...
   > Re-calibrating slippage...
   > Adjusting gas strategy...
✅ [AUTO-FIX] Optimization Applied. System Healing...
---------------------------------------------------
🔍 [MONITOR] Scanning Execution Performance...
   > Latency: 42ms (Target: <45ms)
   > PnL/Trade: 947{CURRENT_PNL} (Target: >947{TARGET_PNL})
⚠️ [ANALYZE] GAP DETECTED: PnL Below Target
🔧 [AUTO-FIX] Triggering Optimization Protocol...
   > Re-calibrating slippage...
   > Adjusting gas strategy...
✅ [AUTO-FIX] Optimization Applied. System Healing...
---------------------------------------------------
🔍 [MONITOR] Scanning Execution Performance...
   > Latency: 45ms (Target: <45ms)
   > PnL/Trade: 947{CURRENT_PNL} (Target: >947{TARGET_PNL})
⚠️ [ANALYZE] GAP DETECTED: PnL Below Target
🔧 [AUTO-FIX] Triggering Optimization Protocol...
   > Re-calibrating slippage...
   > Adjusting gas strategy...
✅ [AUTO-FIX] Optimization Applied. System Healing...
---------------------------------------------------
🔍 [MONITOR] Scanning Execution Performance...
   > Latency: 46ms (Target: <45ms)
   > PnL/Trade: 947{CURRENT_PNL} (Target: >947{TARGET_PNL})
⚠️ [ANALYZE] GAP DETECTED: PnL Below Target
🔧 [AUTO-FIX] Triggering Optimization Protocol...
   > Re-calibrating slippage...
   > Adjusting gas strategy...
✅ [AUTO-FIX] Optimization Applied. System Healing...
---------------------------------------------------
🔍 [MONITOR] Scanning Execution Performance...
   > Latency: 48ms (Target: <45ms)
   > PnL/Trade: 947{CURRENT_PNL} (Target: >947{TARGET_PNL})
✅ [ANALYZE] System Operating Within Design Parameters.
---------------------------------------------------
🔍 [MONITOR] Scanning Execution Performance...
   > Latency: 48ms (Target: <45ms)
   > PnL/Trade: 947{CURRENT_PNL} (Target: >947{TARGET_PNL})
⚠️ [ANALYZE] GAP DETECTED: PnL Below Target
🔧 [AUTO-FIX] Triggering Optimization Protocol...
   > Re-calibrating slippage...
   > Adjusting gas strategy...
✅ [AUTO-FIX] Optimization Applied. System Healing...
---------------------------------------------------
🔍 [MONITOR] Scanning Execution Performance...
   > Latency: 49ms (Target: <45ms)
   > PnL/Trade: 947{CURRENT_PNL} (Target: >947{TARGET_PNL})
✅ [ANALYZE] System Operating Within Design Parameters.
---------------------------------------------------
🔍 [MONITOR] Scanning Execution Performance...
   > Latency: 46ms (Target: <45ms)
   > PnL/Trade: 947{CURRENT_PNL} (Target: >947{TARGET_PNL})
✅ [ANALYZE] System Operating Within Design Parameters.
---------------------------------------------------
🔍 [MONITOR] Scanning Execution Performance...
   > Latency: 43ms (Target: <45ms)
   > PnL/Trade: 947{CURRENT_PNL} (Target: >947{TARGET_PNL})
✅ [ANALYZE] System Operating Within Design Parameters.
---------------------------------------------------
🔍 [MONITOR] Scanning Execution Performance...
   > Latency: 47ms (Target: <45ms)
   > PnL/Trade: 947{CURRENT_PNL} (Target: >947{TARGET_PNL})
✅ [ANALYZE] System Operating Within Design Parameters.
---------------------------------------------------
🔍 [MONITOR] Scanning Execution Performance...
   > Latency: 47ms (Target: <45ms)
   > PnL/Trade: 947{CURRENT_PNL} (Target: >947{TARGET_PNL})
✅ [ANALYZE] System Operating Within Design Parameters.
---------------------------------------------------
🔍 [MONITOR] Scanning Execution Performance...
   > Latency: 40ms (Target: <45ms)
   > PnL/Trade: 947{CURRENT_PNL} (Target: >947{TARGET_PNL})
✅ [ANALYZE] System Operating Within Design Parameters.
---------------------------------------------------
🔍 [MONITOR] Scanning Execution Performance...
   > Latency: 48ms (Target: <45ms)
   > PnL/Trade: 947{CURRENT_PNL} (Target: >947{TARGET_PNL})
✅ [ANALYZE] System Operating Within Design Parameters.
---------------------------------------------------
🔍 [MONITOR] Scanning Execution Performance...
   > Latency: 44ms (Target: <45ms)
   > PnL/Trade: 947{CURRENT_PNL} (Target: >947{TARGET_PNL})
⚠️ [ANALYZE] GAP DETECTED: PnL Below Target
🔧 [AUTO-FIX] Triggering Optimization Protocol...
   > Re-calibrating slippage...
   > Adjusting gas strategy...
✅ [AUTO-FIX] Optimization Applied. System Healing...
---------------------------------------------------
🔍 [MONITOR] Scanning Execution Performance...
   > Latency: 44ms (Target: <45ms)
   > PnL/Trade: 947{CURRENT_PNL} (Target: >947{TARGET_PNL})
✅ [ANALYZE] System Operating Within Design Parameters.
---------------------------------------------------
🔍 [MONITOR] Scanning Execution Performance...
   > Latency: 44ms (Target: <45ms)
   > PnL/Trade: 947{CURRENT_PNL} (Target: >947{TARGET_PNL})
✅ [ANALYZE] System Operating Within Design Parameters.
---------------------------------------------------
🔍 [MONITOR] Scanning Execution Performance...
   > Latency: 42ms (Target: <45ms)
   > PnL/Trade: 947{CURRENT_PNL} (Target: >947{TARGET_PNL})
⚠️ [ANALYZE] GAP DETECTED: PnL Below Target
🔧 [AUTO-FIX] Triggering Optimization Protocol...
   > Re-calibrating slippage...
   > Adjusting gas strategy...
✅ [AUTO-FIX] Optimization Applied. System Healing...
---------------------------------------------------
🔍 [MONITOR] Scanning Execution Performance...
   > Latency: 42ms (Target: <45ms)
   > PnL/Trade: 947{CURRENT_PNL} (Target: >947{TARGET_PNL})
✅ [ANALYZE] System Operating Within Design Parameters.
---------------------------------------------------
🔍 [MONITOR] Scanning Execution Performance...
   > Latency: 43ms (Target: <45ms)
   > PnL/Trade: 947{CURRENT_PNL} (Target: >947{TARGET_PNL})
✅ [ANALYZE] System Operating Within Design Parameters.
---------------------------------------------------
🔍 [MONITOR] Scanning Execution Performance...
   > Latency: 42ms (Target: <45ms)
   > PnL/Trade: 947{CURRENT_PNL} (Target: >947{TARGET_PNL})
✅ [ANALYZE] System Operating Within Design Parameters.
---------------------------------------------------
🔍 [MONITOR] Scanning Execution Performance...
   > Latency: 43ms (Target: <45ms)
   > PnL/Trade: 947{CURRENT_PNL} (Target: >947{TARGET_PNL})
⚠️ [ANALYZE] GAP DETECTED: PnL Below Target
🔧 [AUTO-FIX] Triggering Optimization Protocol...
   > Re-calibrating slippage...
   > Adjusting gas strategy...
✅ [AUTO-FIX] Optimization Applied. System Healing...
---------------------------------------------------
🔍 [MONITOR] Scanning Execution Performance...
   > Latency: 41ms (Target: <45ms)
   > PnL/Trade: 947{CURRENT_PNL} (Target: >947{TARGET_PNL})
✅ [ANALYZE] System Operating Within Design Parameters.
---------------------------------------------------
🔍 [MONITOR] Scanning Execution Performance...
   > Latency: 45ms (Target: <45ms)
   > PnL/Trade: 947{CURRENT_PNL} (Target: >947{TARGET_PNL})
⚠️ [ANALYZE] GAP DETECTED: PnL Below Target
🔧 [AUTO-FIX] Triggering Optimization Protocol...
   > Re-calibrating slippage...
   > Adjusting gas strategy...
✅ [AUTO-FIX] Optimization Applied. System Healing...
---------------------------------------------------
🔍 [MONITOR] Scanning Execution Performance...
   > Latency: 42ms (Target: <45ms)
   > PnL/Trade: 947{CURRENT_PNL} (Target: >947{TARGET_PNL})
✅ [ANALYZE] System Operating Within Design Parameters.
---------------------------------------------------
🔍 [MONITOR] Scanning Execution Performance...
   > Latency: 48ms (Target: <45ms)
   > PnL/Trade: 947{CURRENT_PNL} (Target: >947{TARGET_PNL})
✅ [ANALYZE] System Operating Within Design Parameters.
---------------------------------------------------
🔍 [MONITOR] Scanning Execution Performance...
   > Latency: 42ms (Target: <45ms)
   > PnL/Trade: 947{CURRENT_PNL} (Target: >947{TARGET_PNL})
✅ [ANALYZE] System Operating Within Design Parameters.
---------------------------------------------------
🔍 [MONITOR] Scanning Execution Performance...
   > Latency: 48ms (Target: <45ms)
   > PnL/Trade: 947{CURRENT_PNL} (Target: >947{TARGET_PNL})
✅ [ANALYZE] System Operating Within Design Parameters.
---------------------------------------------------
🔍 [MONITOR] Scanning Execution Performance...
   > Latency: 44ms (Target: <45ms)
   > PnL/Trade: 947{CURRENT_PNL} (Target: >947{TARGET_PNL})
⚠️ [ANALYZE] GAP DETECTED: PnL Below Target
🔧 [AUTO-FIX] Triggering Optimization Protocol...
   > Re-calibrating slippage...
   > Adjusting gas strategy...
✅ [AUTO-FIX] Optimization Applied. System Healing...
---------------------------------------------------
🔍 [MONITOR] Scanning Execution Performance...
   > Latency: 46ms (Target: <45ms)
   > PnL/Trade: 947{CURRENT_PNL} (Target: >947{TARGET_PNL})
✅ [ANALYZE] System Operating Within Design Parameters.
---------------------------------------------------
🔍 [MONITOR] Scanning Execution Performance...
   > Latency: 47ms (Target: <45ms)
   > PnL/Trade: 947{CURRENT_PNL} (Target: >947{TARGET_PNL})
⚠️ [ANALYZE] GAP DETECTED: PnL Below Target
🔧 [AUTO-FIX] Triggering Optimization Protocol...
   > Re-calibrating slippage...
   > Adjusting gas strategy...
✅ [AUTO-FIX] Optimization Applied. System Healing...
---------------------------------------------------
🔍 [MONITOR] Scanning Execution Performance...
   > Latency: 41ms (Target: <45ms)
   > PnL/Trade: 947{CURRENT_PNL} (Target: >947{TARGET_PNL})
⚠️ [ANALYZE] GAP DETECTED: PnL Below Target
🔧 [AUTO-FIX] Triggering Optimization Protocol...
   > Re-calibrating slippage...
   > Adjusting gas strategy...
✅ [AUTO-FIX] Optimization Applied. System Healing...
---------------------------------------------------
🔍 [MONITOR] Scanning Execution Performance...
   > Latency: 42ms (Target: <45ms)
   > PnL/Trade: 947{CURRENT_PNL} (Target: >947{TARGET_PNL})
✅ [ANALYZE] System Operating Within Design Parameters.
---------------------------------------------------
🔍 [MONITOR] Scanning Execution Performance...
   > Latency: 40ms (Target: <45ms)
   > PnL/Trade: 947{CURRENT_PNL} (Target: >947{TARGET_PNL})
✅ [ANALYZE] System Operating Within Design Parameters.
---------------------------------------------------
🔍 [MONITOR] Scanning Execution Performance...
   > Latency: 40ms (Target: <45ms)
   > PnL/Trade: 947{CURRENT_PNL} (Target: >947{TARGET_PNL})
✅ [ANALYZE] System Operating Within Design Parameters.
---------------------------------------------------
🔍 [MONITOR] Scanning Execution Performance...
   > Latency: 49ms (Target: <45ms)
   > PnL/Trade: 947{CURRENT_PNL} (Target: >947{TARGET_PNL})
✅ [ANALYZE] System Operating Within Design Parameters.
---------------------------------------------------
🔍 [MONITOR] Scanning Execution Performance...
   > Latency: 42ms (Target: <45ms)
   > PnL/Trade: 947{CURRENT_PNL} (Target: >947{TARGET_PNL})
⚠️ [ANALYZE] GAP DETECTED: PnL Below Target
🔧 [AUTO-FIX] Triggering Optimization Protocol...
   > Re-calibrating slippage...
   > Adjusting gas strategy...
✅ [AUTO-FIX] Optimization Applied. System Healing...
---------------------------------------------------
🔍 [MONITOR] Scanning Execution Performance...
   > Latency: 42ms (Target: <45ms)
   > PnL/Trade: 947{CURRENT_PNL} (Target: >947{TARGET_PNL})
✅ [ANALYZE] System Operating Within Design Parameters.
---------------------------------------------------
🔍 [MONITOR] Scanning Execution Performance...
   > Latency: 41ms (Target: <45ms)
   > PnL/Trade: 947{CURRENT_PNL} (Target: >947{TARGET_PNL})
✅ [ANALYZE] System Operating Within Design Parameters.
---------------------------------------------------
🔍 [MONITOR] Scanning Execution Performance...
   > Latency: 48ms (Target: <45ms)
   > PnL/Trade: 947{CURRENT_PNL} (Target: >947{TARGET_PNL})
✅ [ANALYZE] System Operating Within Design Parameters.
---------------------------------------------------
🔍 [MONITOR] Scanning Execution Performance...
   > Latency: 44ms (Target: <45ms)
   > PnL/Trade: 947{CURRENT_PNL} (Target: >947{TARGET_PNL})
✅ [ANALYZE] System Operating Within Design Parameters.
---------------------------------------------------
🔍 [MONITOR] Scanning Execution Performance...
   > Latency: 46ms (Target: <45ms)
   > PnL/Trade: 947{CURRENT_PNL} (Target: >947{TARGET_PNL})
✅ [ANALYZE] System Operating Within Design Parameters.
---------------------------------------------------
🔍 [MONITOR] Scanning Execution Performance...
   > Latency: 41ms (Target: <45ms)
   > PnL/Trade: 947{CURRENT_PNL} (Target: >947{TARGET_PNL})
✅ [ANALYZE] System Operating Within Design Parameters.
---------------------------------------------------
🔍 [MONITOR] Scanning Execution Performance...
   > Latency: 41ms (Target: <45ms)
   > PnL/Trade: 947{CURRENT_PNL} (Target: >947{TARGET_PNL})
⚠️ [ANALYZE] GAP DETECTED: PnL Below Target
🔧 [AUTO-FIX] Triggering Optimization Protocol...
   > Re-calibrating slippage...
   > Adjusting gas strategy...
✅ [AUTO-FIX] Optimization Applied. System Healing...
---------------------------------------------------
🔍 [MONITOR] Scanning Execution Performance...
   > Latency: 46ms (Target: <45ms)
   > PnL/Trade: 947{CURRENT_PNL} (Target: >947{TARGET_PNL})
✅ [ANALYZE] System Operating Within Design Parameters.
---------------------------------------------------
🔍 [MONITOR] Scanning Execution Performance...
   > Latency: 49ms (Target: <45ms)
   > PnL/Trade: 947{CURRENT_PNL} (Target: >947{TARGET_PNL})
✅ [ANALYZE] System Operating Within Design Parameters.
---------------------------------------------------
🔍 [MONITOR] Scanning Execution Performance...
   > Latency: 41ms (Target: <45ms)
   > PnL/Trade: 947{CURRENT_PNL} (Target: >947{TARGET_PNL})
✅ [ANALYZE] System Operating Within Design Parameters.
---------------------------------------------------
🔍 [MONITOR] Scanning Execution Performance...
   > Latency: 43ms (Target: <45ms)
   > PnL/Trade: 947{CURRENT_PNL} (Target: >947{TARGET_PNL})
⚠️ [ANALYZE] GAP DETECTED: PnL Below Target
🔧 [AUTO-FIX] Triggering Optimization Protocol...
   > Re-calibrating slippage...
   > Adjusting gas strategy...
✅ [AUTO-FIX] Optimization Applied. System Healing...
---------------------------------------------------
🔍 [MONITOR] Scanning Execution Performance...
   > Latency: 46ms (Target: <45ms)
   > PnL/Trade: 947{CURRENT_PNL} (Target: >947{TARGET_PNL})
⚠️ [ANALYZE] GAP DETECTED: PnL Below Target
🔧 [AUTO-FIX] Triggering Optimization Protocol...
   > Re-calibrating slippage...
   > Adjusting gas strategy...
✅ [AUTO-FIX] Optimization Applied. System Healing...
---------------------------------------------------
🔍 [MONITOR] Scanning Execution Performance...
   > Latency: 42ms (Target: <45ms)
   > PnL/Trade: 947{CURRENT_PNL} (Target: >947{TARGET_PNL})
⚠️ [ANALYZE] GAP DETECTED: PnL Below Target
🔧 [AUTO-FIX] Triggering Optimization Protocol...
   > Re-calibrating slippage...
   > Adjusting gas strategy...
✅ [AUTO-FIX] Optimization Applied. System Healing...
---------------------------------------------------
🔍 [MONITOR] Scanning Execution Performance...
   > Latency: 41ms (Target: <45ms)
   > PnL/Trade: 947{CURRENT_PNL} (Target: >947{TARGET_PNL})
⚠️ [ANALYZE] GAP DETECTED: PnL Below Target
🔧 [AUTO-FIX] Triggering Optimization Protocol...
   > Re-calibrating slippage...
   > Adjusting gas strategy...
✅ [AUTO-FIX] Optimization Applied. System Healing...
---------------------------------------------------
🔍 [MONITOR] Scanning Execution Performance...
   > Latency: 44ms (Target: <45ms)
   > PnL/Trade: 947{CURRENT_PNL} (Target: >947{TARGET_PNL})
✅ [ANALYZE] System Operating Within Design Parameters.
---------------------------------------------------
🔍 [MONITOR] Scanning Execution Performance...
   > Latency: 40ms (Target: <45ms)
   > PnL/Trade: 947{CURRENT_PNL} (Target: >947{TARGET_PNL})
⚠️ [ANALYZE] GAP DETECTED: PnL Below Target
🔧 [AUTO-FIX] Triggering Optimization Protocol...
   > Re-calibrating slippage...
   > Adjusting gas strategy...
✅ [AUTO-FIX] Optimization Applied. System Healing...
---------------------------------------------------
🔍 [MONITOR] Scanning Execution Performance...
   > Latency: 44ms (Target: <45ms)
   > PnL/Trade: 947{CURRENT_PNL} (Target: >947{TARGET_PNL})
⚠️ [ANALYZE] GAP DETECTED: PnL Below Target
🔧 [AUTO-FIX] Triggering Optimization Protocol...
   > Re-calibrating slippage...
   > Adjusting gas strategy...
✅ [AUTO-FIX] Optimization Applied. System Healing...
---------------------------------------------------
🔍 [MONITOR] Scanning Execution Performance...
   > Latency: 44ms (Target: <45ms)
   > PnL/Trade: 947{CURRENT_PNL} (Target: >947{TARGET_PNL})
⚠️ [ANALYZE] GAP DETECTED: PnL Below Target
🔧 [AUTO-FIX] Triggering Optimization Protocol...
   > Re-calibrating slippage...
   > Adjusting gas strategy...
✅ [AUTO-FIX] Optimization Applied. System Healing...
---------------------------------------------------
🔍 [MONITOR] Scanning Execution Performance...
   > Latency: 49ms (Target: <45ms)
   > PnL/Trade: 947{CURRENT_PNL} (Target: >947{TARGET_PNL})
⚠️ [ANALYZE] GAP DETECTED: PnL Below Target
🔧 [AUTO-FIX] Triggering Optimization Protocol...
   > Re-calibrating slippage...
   > Adjusting gas strategy...
✅ [AUTO-FIX] Optimization Applied. System Healing...
---------------------------------------------------
🔍 [MONITOR] Scanning Execution Performance...
   > Latency: 49ms (Target: <45ms)
   > PnL/Trade: 947{CURRENT_PNL} (Target: >947{TARGET_PNL})
⚠️ [ANALYZE] GAP DETECTED: PnL Below Target
🔧 [AUTO-FIX] Triggering Optimization Protocol...
   > Re-calibrating slippage...
   > Adjusting gas strategy...
✅ [AUTO-FIX] Optimization Applied. System Healing...
---------------------------------------------------
🔍 [MONITOR] Scanning Execution Performance...
   > Latency: 42ms (Target: <45ms)
   > PnL/Trade: 947{CURRENT_PNL} (Target: >947{TARGET_PNL})
✅ [ANALYZE] System Operating Within Design Parameters.
---------------------------------------------------
🔍 [MONITOR] Scanning Execution Performance...
   > Latency: 44ms (Target: <45ms)
   > PnL/Trade: 947{CURRENT_PNL} (Target: >947{TARGET_PNL})
⚠️ [ANALYZE] GAP DETECTED: PnL Below Target
🔧 [AUTO-FIX] Triggering Optimization Protocol...
   > Re-calibrating slippage...
   > Adjusting gas strategy...
✅ [AUTO-FIX] Optimization Applied. System Healing...
---------------------------------------------------
🔍 [MONITOR] Scanning Execution Performance...
   > Latency: 44ms (Target: <45ms)
   > PnL/Trade: 947{CURRENT_PNL} (Target: >947{TARGET_PNL})
⚠️ [ANALYZE] GAP DETECTED: PnL Below Target
🔧 [AUTO-FIX] Triggering Optimization Protocol...
   > Re-calibrating slippage...
   > Adjusting gas strategy...
✅ [AUTO-FIX] Optimization Applied. System Healing...
---------------------------------------------------
🔍 [MONITOR] Scanning Execution Performance...
   > Latency: 44ms (Target: <45ms)
   > PnL/Trade: 947{CURRENT_PNL} (Target: >947{TARGET_PNL})
✅ [ANALYZE] System Operating Within Design Parameters.
---------------------------------------------------
🔍 [MONITOR] Scanning Execution Performance...
   > Latency: 49ms (Target: <45ms)
   > PnL/Trade: 947{CURRENT_PNL} (Target: >947{TARGET_PNL})
⚠️ [ANALYZE] GAP DETECTED: PnL Below Target
🔧 [AUTO-FIX] Triggering Optimization Protocol...
   > Re-calibrating slippage...
   > Adjusting gas strategy...
✅ [AUTO-FIX] Optimization Applied. System Healing...
---------------------------------------------------
🔍 [MONITOR] Scanning Execution Performance...
   > Latency: 49ms (Target: <45ms)
   > PnL/Trade: 947{CURRENT_PNL} (Target: >947{TARGET_PNL})
✅ [ANALYZE] System Operating Within Design Parameters.
---------------------------------------------------
🔍 [MONITOR] Scanning Execution Performance...
   > Latency: 44ms (Target: <45ms)
   > PnL/Trade: 947{CURRENT_PNL} (Target: >947{TARGET_PNL})
✅ [ANALYZE] System Operating Within Design Parameters.
---------------------------------------------------
🔍 [MONITOR] Scanning Execution Performance...
   > Latency: 45ms (Target: <45ms)
   > PnL/Trade: 947{CURRENT_PNL} (Target: >947{TARGET_PNL})
✅ [ANALYZE] System Operating Within Design Parameters.
---------------------------------------------------
🔍 [MONITOR] Scanning Execution Performance...
   > Latency: 46ms (Target: <45ms)
   > PnL/Trade: 947{CURRENT_PNL} (Target: >947{TARGET_PNL})
✅ [ANALYZE] System Operating Within Design Parameters.
---------------------------------------------------
🔍 [MONITOR] Scanning Execution Performance...
   > Latency: 40ms (Target: <45ms)
   > PnL/Trade: 947{CURRENT_PNL} (Target: >947{TARGET_PNL})
✅ [ANALYZE] System Operating Within Design Parameters.
---------------------------------------------------
🔍 [MONITOR] Scanning Execution Performance...
   > Latency: 41ms (Target: <45ms)
   > PnL/Trade: 947{CURRENT_PNL} (Target: >947{TARGET_PNL})
✅ [ANALYZE] System Operating Within Design Parameters.
---------------------------------------------------
🔍 [MONITOR] Scanning Execution Performance...
   > Latency: 41ms (Target: <45ms)
   > PnL/Trade: 947{CURRENT_PNL} (Target: >947{TARGET_PNL})
✅ [ANALYZE] System Operating Within Design Parameters.
---------------------------------------------------
🔍 [MONITOR] Scanning Execution Performance...
   > Latency: 46ms (Target: <45ms)
   > PnL/Trade: 947{CURRENT_PNL} (Target: >947{TARGET_PNL})
⚠️ [ANALYZE] GAP DETECTED: PnL Below Target
🔧 [AUTO-FIX] Triggering Optimization Protocol...
   > Re-calibrating slippage...
   > Adjusting gas strategy...
✅ [AUTO-FIX] Optimization Applied. System Healing...
---------------------------------------------------
🔍 [MONITOR] Scanning Execution Performance...
   > Latency: 43ms (Target: <45ms)
   > PnL/Trade: 947{CURRENT_PNL} (Target: >947{TARGET_PNL})
⚠️ [ANALYZE] GAP DETECTED: PnL Below Target
🔧 [AUTO-FIX] Triggering Optimization Protocol...
   > Re-calibrating slippage...
   > Adjusting gas strategy...
✅ [AUTO-FIX] Optimization Applied. System Healing...
---------------------------------------------------
🔍 [MONITOR] Scanning Execution Performance...
   > Latency: 41ms (Target: <45ms)
   > PnL/Trade: 947{CURRENT_PNL} (Target: >947{TARGET_PNL})
✅ [ANALYZE] System Operating Within Design Parameters.
---------------------------------------------------
🔍 [MONITOR] Scanning Execution Performance...
   > Latency: 41ms (Target: <45ms)
   > PnL/Trade: 947{CURRENT_PNL} (Target: >947{TARGET_PNL})
✅ [ANALYZE] System Operating Within Design Parameters.
---------------------------------------------------
🔍 [MONITOR] Scanning Execution Performance...
   > Latency: 49ms (Target: <45ms)
   > PnL/Trade: 947{CURRENT_PNL} (Target: >947{TARGET_PNL})
✅ [ANALYZE] System Operating Within Design Parameters.
---------------------------------------------------
🔍 [MONITOR] Scanning Execution Performance...
   > Latency: 45ms (Target: <45ms)
   > PnL/Trade: 947{CURRENT_PNL} (Target: >947{TARGET_PNL})
✅ [ANALYZE] System Operating Within Design Parameters.
---------------------------------------------------
🔍 [MONITOR] Scanning Execution Performance...
   > Latency: 43ms (Target: <45ms)
   > PnL/Trade: 947{CURRENT_PNL} (Target: >947{TARGET_PNL})
⚠️ [ANALYZE] GAP DETECTED: PnL Below Target
🔧 [AUTO-FIX] Triggering Optimization Protocol...
   > Re-calibrating slippage...
   > Adjusting gas strategy...
✅ [AUTO-FIX] Optimization Applied. System Healing...
---------------------------------------------------
🔍 [MONITOR] Scanning Execution Performance...
   > Latency: 44ms (Target: <45ms)
   > PnL/Trade: 947{CURRENT_PNL} (Target: >947{TARGET_PNL})
✅ [ANALYZE] System Operating Within Design Parameters.
---------------------------------------------------
🔍 [MONITOR] Scanning Execution Performance...
   > Latency: 43ms (Target: <45ms)
   > PnL/Trade: 947{CURRENT_PNL} (Target: >947{TARGET_PNL})
⚠️ [ANALYZE] GAP DETECTED: PnL Below Target
🔧 [AUTO-FIX] Triggering Optimization Protocol...
   > Re-calibrating slippage...
   > Adjusting gas strategy...
✅ [AUTO-FIX] Optimization Applied. System Healing...
---------------------------------------------------
🔍 [MONITOR] Scanning Execution Performance...
   > Latency: 42ms (Target: <45ms)
   > PnL/Trade: 947{CURRENT_PNL} (Target: >947{TARGET_PNL})
⚠️ [ANALYZE] GAP DETECTED: PnL Below Target
🔧 [AUTO-FIX] Triggering Optimization Protocol...
   > Re-calibrating slippage...
   > Adjusting gas strategy...
✅ [AUTO-FIX] Optimization Applied. System Healing...
---------------------------------------------------
🔍 [MONITOR] Scanning Execution Performance...
   > Latency: 47ms (Target: <45ms)
   > PnL/Trade: 947{CURRENT_PNL} (Target: >947{TARGET_PNL})
✅ [ANALYZE] System Operating Within Design Parameters.
---------------------------------------------------
🔍 [MONITOR] Scanning Execution Performance...
   > Latency: 41ms (Target: <45ms)
   > PnL/Trade: 947{CURRENT_PNL} (Target: >947{TARGET_PNL})
⚠️ [ANALYZE] GAP DETECTED: PnL Below Target
🔧 [AUTO-FIX] Triggering Optimization Protocol...
   > Re-calibrating slippage...
   > Adjusting gas strategy...
✅ [AUTO-FIX] Optimization Applied. System Healing...
---------------------------------------------------
🔍 [MONITOR] Scanning Execution Performance...
   > Latency: 41ms (Target: <45ms)
   > PnL/Trade: 947{CURRENT_PNL} (Target: >947{TARGET_PNL})
✅ [ANALYZE] System Operating Within Design Parameters.
---------------------------------------------------
🔍 [MONITOR] Scanning Execution Performance...
   > Latency: 45ms (Target: <45ms)
   > PnL/Trade: 947{CURRENT_PNL} (Target: >947{TARGET_PNL})
⚠️ [ANALYZE] GAP DETECTED: PnL Below Target
🔧 [AUTO-FIX] Triggering Optimization Protocol...
   > Re-calibrating slippage...
   > Adjusting gas strategy...
✅ [AUTO-FIX] Optimization Applied. System Healing...
---------------------------------------------------
🔍 [MONITOR] Scanning Execution Performance...
   > Latency: 45ms (Target: <45ms)
   > PnL/Trade: 947{CURRENT_PNL} (Target: >947{TARGET_PNL})
✅ [ANALYZE] System Operating Within Design Parameters.
---------------------------------------------------
🔍 [MONITOR] Scanning Execution Performance...
   > Latency: 48ms (Target: <45ms)
   > PnL/Trade: 947{CURRENT_PNL} (Target: >947{TARGET_PNL})
⚠️ [ANALYZE] GAP DETECTED: PnL Below Target
🔧 [AUTO-FIX] Triggering Optimization Protocol...
   > Re-calibrating slippage...
   > Adjusting gas strategy...
✅ [AUTO-FIX] Optimization Applied. System Healing...
---------------------------------------------------
🔍 [MONITOR] Scanning Execution Performance...
   > Latency: 40ms (Target: <45ms)
   > PnL/Trade: 947{CURRENT_PNL} (Target: >947{TARGET_PNL})
✅ [ANALYZE] System Operating Within Design Parameters.
---------------------------------------------------
🔍 [MONITOR] Scanning Execution Performance...
   > Latency: 44ms (Target: <45ms)
   > PnL/Trade: 947{CURRENT_PNL} (Target: >947{TARGET_PNL})
✅ [ANALYZE] System Operating Within Design Parameters.
---------------------------------------------------
🔍 [MONITOR] Scanning Execution Performance...
   > Latency: 47ms (Target: <45ms)
   > PnL/Trade: 947{CURRENT_PNL} (Target: >947{TARGET_PNL})
✅ [ANALYZE] System Operating Within Design Parameters.
---------------------------------------------------
🔍 [MONITOR] Scanning Execution Performance...
   > Latency: 44ms (Target: <45ms)
   > PnL/Trade: 947{CURRENT_PNL} (Target: >947{TARGET_PNL})
⚠️ [ANALYZE] GAP DETECTED: PnL Below Target
🔧 [AUTO-FIX] Triggering Optimization Protocol...
   > Re-calibrating slippage...
   > Adjusting gas strategy...
✅ [AUTO-FIX] Optimization Applied. System Healing...
---------------------------------------------------
🔍 [MONITOR] Scanning Execution Performance...
   > Latency: 42ms (Target: <45ms)
   > PnL/Trade: 947{CURRENT_PNL} (Target: >947{TARGET_PNL})
✅ [ANALYZE] System Operating Within Design Parameters.
---------------------------------------------------
🔍 [MONITOR] Scanning Execution Performance...
   > Latency: 47ms (Target: <45ms)
   > PnL/Trade: 947{CURRENT_PNL} (Target: >947{TARGET_PNL})
✅ [ANALYZE] System Operating Within Design Parameters.
---------------------------------------------------
🔍 [MONITOR] Scanning Execution Performance...
   > Latency: 46ms (Target: <45ms)
   > PnL/Trade: 947{CURRENT_PNL} (Target: >947{TARGET_PNL})
✅ [ANALYZE] System Operating Within Design Parameters.
---------------------------------------------------
🔍 [MONITOR] Scanning Execution Performance...
   > Latency: 41ms (Target: <45ms)
   > PnL/Trade: 947{CURRENT_PNL} (Target: >947{TARGET_PNL})
⚠️ [ANALYZE] GAP DETECTED: PnL Below Target
🔧 [AUTO-FIX] Triggering Optimization Protocol...
   > Re-calibrating slippage...
   > Adjusting gas strategy...
✅ [AUTO-FIX] Optimization Applied. System Healing...
---------------------------------------------------
🔍 [MONITOR] Scanning Execution Performance...
   > Latency: 40ms (Target: <45ms)
   > PnL/Trade: 947{CURRENT_PNL} (Target: >947{TARGET_PNL})
✅ [ANALYZE] System Operating Within Design Parameters.
---------------------------------------------------
🔍 [MONITOR] Scanning Execution Performance...
   > Latency: 48ms (Target: <45ms)
   > PnL/Trade: 947{CURRENT_PNL} (Target: >947{TARGET_PNL})
✅ [ANALYZE] System Operating Within Design Parameters.
---------------------------------------------------
🔍 [MONITOR] Scanning Execution Performance...
   > Latency: 45ms (Target: <45ms)
   > PnL/Trade: 947{CURRENT_PNL} (Target: >947{TARGET_PNL})
✅ [ANALYZE] System Operating Within Design Parameters.
---------------------------------------------------
